<?xml version="1.0" encoding="UTF-8"?>
<coverage generated="1733741417088" clover="3.2.0">
  <project timestamp="1733741417088" name="All files">
    <metrics statements="78" coveredstatements="42" conditionals="15" coveredconditionals="5" methods="30" coveredmethods="16" elements="123" coveredelements="63" complexity="0" loc="78" ncloc="78" packages="3" files="7" classes="7"/>
    <package name="src">
      <metrics statements="2" coveredstatements="2" conditionals="0" coveredconditionals="0" methods="1" coveredmethods="1"/>
      <file name="App.tsx" path="/app/src/App.tsx">
        <metrics statements="1" coveredstatements="1" conditionals="0" coveredconditionals="0" methods="1" coveredmethods="1"/>
        <line num="8" count="10" type="stmt"/>
      </file>
      <file name="main.tsx" path="/app/src/main.tsx">
        <metrics statements="1" coveredstatements="1" conditionals="0" coveredconditionals="0" methods="0" coveredmethods="0"/>
        <line num="8" count="10" type="stmt"/>
      </file>
    </package>
    <package name="src.components">
      <metrics statements="40" coveredstatements="20" conditionals="5" coveredconditionals="2" methods="16" coveredmethods="9"/>
      <file name="AddBookForm.tsx" path="/app/src/components/AddBookForm.tsx">
        <metrics statements="19" coveredstatements="18" conditionals="2" coveredconditionals="2" methods="7" coveredmethods="7"/>
        <line num="16" count="51" type="stmt"/>
        <line num="17" count="51" type="stmt"/>
        <line num="24" count="51" type="stmt"/>
        <line num="25" count="10" type="stmt"/>
        <line num="26" count="10" type="stmt"/>
        <line num="27" count="10" type="stmt"/>
        <line num="28" count="10" type="stmt"/>
        <line num="30" count="0" type="stmt"/>
        <line num="33" count="10" type="stmt"/>
        <line num="36" count="51" type="stmt"/>
        <line num="41" count="27" type="stmt"/>
        <line num="42" count="27" type="stmt"/>
        <line num="49" count="51" type="stmt"/>
        <line num="50" count="1" type="stmt"/>
        <line num="51" count="1" type="stmt"/>
        <line num="52" count="1" type="stmt"/>
        <line num="55" count="1" type="stmt"/>
        <line num="62" count="51" type="stmt"/>
        <line num="95" count="410" type="stmt"/>
      </file>
      <file name="EditBookForm.tsx" path="/app/src/components/EditBookForm.tsx">
        <metrics statements="19" coveredstatements="0" conditionals="3" coveredconditionals="0" methods="7" coveredmethods="0"/>
        <line num="17" count="0" type="stmt"/>
        <line num="19" count="0" type="stmt"/>
        <line num="20" count="0" type="stmt"/>
        <line num="23" count="0" type="stmt"/>
        <line num="24" count="0" type="stmt"/>
        <line num="25" count="0" type="stmt"/>
        <line num="26" count="0" type="stmt"/>
        <line num="27" count="0" type="stmt"/>
        <line num="29" count="0" type="stmt"/>
        <line num="32" count="0" type="stmt"/>
        <line num="35" count="0" type="stmt"/>
        <line num="40" count="0" type="stmt"/>
        <line num="41" count="0" type="stmt"/>
        <line num="48" count="0" type="stmt"/>
        <line num="49" count="0" type="stmt"/>
        <line num="50" count="0" type="cond" truecount="0" falsecount="1"/>
        <line num="51" count="0" type="stmt"/>
        <line num="55" count="0" type="stmt"/>
        <line num="84" count="0" type="stmt"/>
      </file>
      <file name="Footer.tsx" path="/app/src/components/Footer.tsx">
        <metrics statements="1" coveredstatements="1" conditionals="0" coveredconditionals="0" methods="1" coveredmethods="1"/>
        <line num="4" count="10" type="stmt"/>
      </file>
      <file name="Header.tsx" path="/app/src/components/Header.tsx">
        <metrics statements="1" coveredstatements="1" conditionals="0" coveredconditionals="0" methods="1" coveredmethods="1"/>
        <line num="4" count="10" type="stmt"/>
      </file>
    </package>
    <package name="src.pages">
      <metrics statements="36" coveredstatements="20" conditionals="10" coveredconditionals="3" methods="13" coveredmethods="6"/>
      <file name="HomeView.tsx" path="/app/src/pages/HomeView.tsx">
        <metrics statements="36" coveredstatements="20" conditionals="10" coveredconditionals="3" methods="13" coveredmethods="6"/>
        <line num="12" count="21" type="stmt"/>
        <line num="13" count="21" type="stmt"/>
        <line num="14" count="21" type="stmt"/>
        <line num="17" count="21" type="stmt"/>
        <line num="18" count="11" type="stmt"/>
        <line num="19" count="11" type="stmt"/>
        <line num="20" count="11" type="stmt"/>
        <line num="21" count="11" type="stmt"/>
        <line num="22" count="190" type="cond" truecount="2" falsecount="2"/>
        <line num="26" count="11" type="stmt"/>
        <line num="28" count="0" type="stmt"/>
        <line num="32" count="21" type="stmt"/>
        <line num="33" count="10" type="stmt"/>
        <line num="37" count="21" type="stmt"/>
        <line num="38" count="1" type="stmt"/>
        <line num="39" count="1" type="stmt"/>
        <line num="44" count="1" type="stmt"/>
        <line num="46" count="0" type="stmt"/>
        <line num="50" count="21" type="stmt"/>
        <line num="51" count="0" type="stmt"/>
        <line num="52" count="0" type="stmt"/>
        <line num="57" count="0" type="stmt"/>
        <line num="58" count="0" type="stmt"/>
        <line num="60" count="0" type="stmt"/>
        <line num="65" count="21" type="stmt"/>
        <line num="66" count="0" type="stmt"/>
        <line num="69" count="0" type="cond" truecount="0" falsecount="1"/>
        <line num="70" count="0" type="stmt"/>
        <line num="71" count="0" type="stmt"/>
        <line num="73" count="0" type="stmt"/>
        <line num="75" count="0" type="stmt"/>
        <line num="79" count="21" type="stmt"/>
        <line num="100" count="117" type="stmt"/>
        <line num="110" count="0" type="stmt"/>
        <line num="117" count="0" type="cond" truecount="0" falsecount="2"/>
        <line num="130" count="0" type="stmt"/>
      </file>
    </package>
  </project>
</coverage>
