{"/app/src/App.tsx": {"path":"/app/src/App.tsx","statementMap":{"0":{"start":{"line":8,"column":2},"end":{"line":13,"column":null}}},"fnMap":{"0":{"name":"App","decl":{"start":{"line":7,"column":24},"end":{"line":7,"column":30}},"loc":{"start":{"line":7,"column":30},"end":{"line":15,"column":null}}}},"branchMap":{},"s":{"0":27},"f":{"0":27},"b":{}}
,"/app/src/main.tsx": {"path":"/app/src/main.tsx","statementMap":{"0":{"start":{"line":8,"column":0},"end":{"line":8,"column":null}}},"fnMap":{},"branchMap":{},"s":{"0":27},"f":{},"b":{}}
,"/app/src/components/AddBookForm.tsx": {"path":"/app/src/components/AddBookForm.tsx","statementMap":{"0":{"start":{"line":16,"column":36},"end":{"line":16,"column":null}},"1":{"start":{"line":17,"column":32},"end":{"line":21,"column":null}},"2":{"start":{"line":24,"column":2},"end":{"line":34,"column":null}},"3":{"start":{"line":25,"column":25},"end":{"line":32,"column":null}},"4":{"start":{"line":26,"column":6},"end":{"line":31,"column":null}},"5":{"start":{"line":27,"column":25},"end":{"line":27,"column":null}},"6":{"start":{"line":28,"column":8},"end":{"line":28,"column":null}},"7":{"start":{"line":30,"column":8},"end":{"line":30,"column":null}},"8":{"start":{"line":33,"column":4},"end":{"line":33,"column":null}},"9":{"start":{"line":36,"column":23},"end":{"line":47,"column":null}},"10":{"start":{"line":41,"column":28},"end":{"line":41,"column":null}},"11":{"start":{"line":42,"column":4},"end":{"line":46,"column":null}},"12":{"start":{"line":42,"column":26},"end":{"line":46,"column":6}},"13":{"start":{"line":49,"column":23},"end":{"line":60,"column":null}},"14":{"start":{"line":50,"column":4},"end":{"line":50,"column":null}},"15":{"start":{"line":51,"column":4},"end":{"line":51,"column":null}},"16":{"start":{"line":52,"column":4},"end":{"line":54,"column":null}},"17":{"start":{"line":55,"column":4},"end":{"line":59,"column":null}},"18":{"start":{"line":62,"column":2},"end":{"line":104,"column":null}},"19":{"start":{"line":95,"column":12},"end":{"line":97,"column":null}}},"fnMap":{"0":{"name":"AddBookForm","decl":{"start":{"line":15,"column":24},"end":{"line":15,"column":36}},"loc":{"start":{"line":15,"column":76},"end":{"line":106,"column":null}}},"1":{"name":"(anonymous_1)","decl":{"start":{"line":24,"column":12},"end":{"line":24,"column":18}},"loc":{"start":{"line":24,"column":18},"end":{"line":34,"column":5}}},"2":{"name":"(anonymous_2)","decl":{"start":{"line":25,"column":25},"end":{"line":25,"column":37}},"loc":{"start":{"line":25,"column":37},"end":{"line":32,"column":null}}},"3":{"name":"(anonymous_3)","decl":{"start":{"line":36,"column":23},"end":{"line":36,"column":null}},"loc":{"start":{"line":40,"column":7},"end":{"line":47,"column":null}}},"4":{"name":"(anonymous_4)","decl":{"start":{"line":42,"column":15},"end":{"line":42,"column":16}},"loc":{"start":{"line":42,"column":26},"end":{"line":46,"column":6}}},"5":{"name":"(anonymous_5)","decl":{"start":{"line":49,"column":23},"end":{"line":49,"column":24}},"loc":{"start":{"line":49,"column":64},"end":{"line":60,"column":null}}},"6":{"name":"(anonymous_6)","decl":{"start":{"line":94,"column":25},"end":{"line":94,"column":26}},"loc":{"start":{"line":95,"column":12},"end":{"line":97,"column":null}}}},"branchMap":{"0":{"loc":{"start":{"line":44,"column":14},"end":{"line":44,"column":null}},"type":"cond-expr","locations":[{"start":{"line":44,"column":39},"end":{"line":44,"column":55}},{"start":{"line":44,"column":55},"end":{"line":44,"column":null}}]}},"s":{"0":118,"1":118,"2":118,"3":27,"4":27,"5":27,"6":27,"7":0,"8":27,"9":118,"10":54,"11":54,"12":54,"13":118,"14":2,"15":2,"16":2,"17":2,"18":118,"19":890},"f":{"0":118,"1":27,"2":27,"3":54,"4":54,"5":2,"6":890},"b":{"0":[2,52]}}
,"/app/src/components/EditBookForm.tsx": {"path":"/app/src/components/EditBookForm.tsx","statementMap":{"0":{"start":{"line":17,"column":37},"end":{"line":17,"column":null}},"1":{"start":{"line":19,"column":36},"end":{"line":19,"column":null}},"2":{"start":{"line":20,"column":38},"end":{"line":20,"column":null}},"3":{"start":{"line":23,"column":2},"end":{"line":33,"column":null}},"4":{"start":{"line":24,"column":25},"end":{"line":31,"column":null}},"5":{"start":{"line":25,"column":6},"end":{"line":30,"column":null}},"6":{"start":{"line":26,"column":25},"end":{"line":26,"column":null}},"7":{"start":{"line":27,"column":8},"end":{"line":27,"column":null}},"8":{"start":{"line":29,"column":8},"end":{"line":29,"column":null}},"9":{"start":{"line":32,"column":4},"end":{"line":32,"column":null}},"10":{"start":{"line":35,"column":23},"end":{"line":46,"column":null}},"11":{"start":{"line":40,"column":28},"end":{"line":40,"column":null}},"12":{"start":{"line":41,"column":4},"end":{"line":45,"column":null}},"13":{"start":{"line":41,"column":29},"end":{"line":45,"column":6}},"14":{"start":{"line":48,"column":23},"end":{"line":53,"column":null}},"15":{"start":{"line":49,"column":4},"end":{"line":49,"column":null}},"16":{"start":{"line":50,"column":4},"end":{"line":52,"column":null}},"17":{"start":{"line":51,"column":6},"end":{"line":51,"column":null}},"18":{"start":{"line":55,"column":2},"end":{"line":99,"column":null}},"19":{"start":{"line":84,"column":12},"end":{"line":86,"column":null}}},"fnMap":{"0":{"name":"EditBookForm","decl":{"start":{"line":16,"column":24},"end":{"line":16,"column":37}},"loc":{"start":{"line":16,"column":63},"end":{"line":101,"column":null}}},"1":{"name":"(anonymous_1)","decl":{"start":{"line":23,"column":12},"end":{"line":23,"column":18}},"loc":{"start":{"line":23,"column":18},"end":{"line":33,"column":5}}},"2":{"name":"(anonymous_2)","decl":{"start":{"line":24,"column":25},"end":{"line":24,"column":37}},"loc":{"start":{"line":24,"column":37},"end":{"line":31,"column":null}}},"3":{"name":"(anonymous_3)","decl":{"start":{"line":35,"column":23},"end":{"line":35,"column":null}},"loc":{"start":{"line":39,"column":7},"end":{"line":46,"column":null}}},"4":{"name":"(anonymous_4)","decl":{"start":{"line":41,"column":18},"end":{"line":41,"column":19}},"loc":{"start":{"line":41,"column":29},"end":{"line":45,"column":6}}},"5":{"name":"(anonymous_5)","decl":{"start":{"line":48,"column":23},"end":{"line":48,"column":24}},"loc":{"start":{"line":48,"column":47},"end":{"line":53,"column":null}}},"6":{"name":"(anonymous_6)","decl":{"start":{"line":83,"column":25},"end":{"line":83,"column":26}},"loc":{"start":{"line":84,"column":12},"end":{"line":86,"column":null}}}},"branchMap":{"0":{"loc":{"start":{"line":43,"column":14},"end":{"line":43,"column":null}},"type":"cond-expr","locations":[{"start":{"line":43,"column":39},"end":{"line":43,"column":55}},{"start":{"line":43,"column":55},"end":{"line":43,"column":null}}]},"1":{"loc":{"start":{"line":50,"column":4},"end":{"line":52,"column":null}},"type":"if","locations":[{"start":{"line":50,"column":4},"end":{"line":52,"column":null}}]}},"s":{"0":0,"1":0,"2":0,"3":0,"4":0,"5":0,"6":0,"7":0,"8":0,"9":0,"10":0,"11":0,"12":0,"13":0,"14":0,"15":0,"16":0,"17":0,"18":0,"19":0},"f":{"0":0,"1":0,"2":0,"3":0,"4":0,"5":0,"6":0},"b":{"0":[0,0],"1":[0]}}
,"/app/src/components/Footer.tsx": {"path":"/app/src/components/Footer.tsx","statementMap":{"0":{"start":{"line":4,"column":2},"end":{"line":7,"column":null}}},"fnMap":{"0":{"name":"Footer","decl":{"start":{"line":3,"column":24},"end":{"line":3,"column":33}},"loc":{"start":{"line":3,"column":33},"end":{"line":9,"column":null}}}},"branchMap":{},"s":{"0":27},"f":{"0":27},"b":{}}
,"/app/src/components/Header.tsx": {"path":"/app/src/components/Header.tsx","statementMap":{"0":{"start":{"line":4,"column":2},"end":{"line":15,"column":null}}},"fnMap":{"0":{"name":"Header","decl":{"start":{"line":3,"column":24},"end":{"line":3,"column":33}},"loc":{"start":{"line":3,"column":33},"end":{"line":17,"column":null}}}},"branchMap":{},"s":{"0":27},"f":{"0":27},"b":{}}
,"/app/src/pages/HomeView.tsx": {"path":"/app/src/pages/HomeView.tsx","statementMap":{"0":{"start":{"line":12,"column":36},"end":{"line":12,"column":null}},"1":{"start":{"line":13,"column":28},"end":{"line":13,"column":null}},"2":{"start":{"line":14,"column":40},"end":{"line":14,"column":null}},"3":{"start":{"line":17,"column":19},"end":{"line":30,"column":null}},"4":{"start":{"line":18,"column":4},"end":{"line":29,"column":null}},"5":{"start":{"line":19,"column":23},"end":{"line":19,"column":null}},"6":{"start":{"line":20,"column":6},"end":{"line":20,"column":null}},"7":{"start":{"line":21,"column":26},"end":{"line":23,"column":null}},"8":{"start":{"line":22,"column":12},"end":{"line":22,"column":null}},"9":{"start":{"line":26,"column":6},"end":{"line":26,"column":null}},"10":{"start":{"line":28,"column":6},"end":{"line":28,"column":null}},"11":{"start":{"line":32,"column":2},"end":{"line":34,"column":null}},"12":{"start":{"line":33,"column":4},"end":{"line":33,"column":null}},"13":{"start":{"line":37,"column":24},"end":{"line":48,"column":null}},"14":{"start":{"line":38,"column":4},"end":{"line":47,"column":null}},"15":{"start":{"line":39,"column":6},"end":{"line":43,"column":null}},"16":{"start":{"line":44,"column":6},"end":{"line":44,"column":null}},"17":{"start":{"line":46,"column":6},"end":{"line":46,"column":null}},"18":{"start":{"line":50,"column":27},"end":{"line":62,"column":null}},"19":{"start":{"line":51,"column":4},"end":{"line":61,"column":null}},"20":{"start":{"line":52,"column":6},"end":{"line":56,"column":null}},"21":{"start":{"line":57,"column":6},"end":{"line":57,"column":null}},"22":{"start":{"line":58,"column":6},"end":{"line":58,"column":null}},"23":{"start":{"line":60,"column":6},"end":{"line":60,"column":null}},"24":{"start":{"line":65,"column":27},"end":{"line":78,"column":null}},"25":{"start":{"line":66,"column":22},"end":{"line":68,"column":null}},"26":{"start":{"line":69,"column":4},"end":{"line":77,"column":null}},"27":{"start":{"line":70,"column":6},"end":{"line":76,"column":null}},"28":{"start":{"line":71,"column":8},"end":{"line":71,"column":null}},"29":{"start":{"line":73,"column":8},"end":{"line":73,"column":null}},"30":{"start":{"line":73,"column":32},"end":{"line":73,"column":74}},"31":{"start":{"line":73,"column":59},"end":{"line":73,"column":73}},"32":{"start":{"line":75,"column":8},"end":{"line":75,"column":null}},"33":{"start":{"line":79,"column":2},"end":{"line":140,"column":null}},"34":{"start":{"line":100,"column":12},"end":{"line":136,"column":null}},"35":{"start":{"line":110,"column":35},"end":{"line":110,"column":57}},"36":{"start":{"line":117,"column":22},"end":{"line":117,"column":null}},"37":{"start":{"line":130,"column":38},"end":{"line":130,"column":null}}},"fnMap":{"0":{"name":"HomeView","decl":{"start":{"line":11,"column":24},"end":{"line":11,"column":35}},"loc":{"start":{"line":11,"column":35},"end":{"line":142,"column":null}}},"1":{"name":"(anonymous_1)","decl":{"start":{"line":17,"column":31},"end":{"line":17,"column":43}},"loc":{"start":{"line":17,"column":43},"end":{"line":30,"column":5}}},"2":{"name":"(anonymous_2)","decl":{"start":{"line":22,"column":8},"end":{"line":22,"column":9}},"loc":{"start":{"line":22,"column":12},"end":{"line":22,"column":null}}},"3":{"name":"(anonymous_3)","decl":{"start":{"line":32,"column":12},"end":{"line":32,"column":18}},"loc":{"start":{"line":32,"column":18},"end":{"line":34,"column":5}}},"4":{"name":"(anonymous_4)","decl":{"start":{"line":37,"column":24},"end":{"line":37,"column":31}},"loc":{"start":{"line":37,"column":49},"end":{"line":48,"column":null}}},"5":{"name":"(anonymous_5)","decl":{"start":{"line":50,"column":27},"end":{"line":50,"column":34}},"loc":{"start":{"line":50,"column":68},"end":{"line":62,"column":null}}},"6":{"name":"(anonymous_6)","decl":{"start":{"line":65,"column":27},"end":{"line":65,"column":34}},"loc":{"start":{"line":65,"column":49},"end":{"line":78,"column":null}}},"7":{"name":"(anonymous_7)","decl":{"start":{"line":73,"column":17},"end":{"line":73,"column":18}},"loc":{"start":{"line":73,"column":32},"end":{"line":73,"column":74}}},"8":{"name":"(anonymous_8)","decl":{"start":{"line":73,"column":49},"end":{"line":73,"column":50}},"loc":{"start":{"line":73,"column":59},"end":{"line":73,"column":73}}},"9":{"name":"(anonymous_9)","decl":{"start":{"line":99,"column":21},"end":{"line":99,"column":22}},"loc":{"start":{"line":100,"column":12},"end":{"line":136,"column":null}}},"10":{"name":"(anonymous_10)","decl":{"start":{"line":110,"column":29},"end":{"line":110,"column":35}},"loc":{"start":{"line":110,"column":35},"end":{"line":110,"column":57}}},"11":{"name":"(anonymous_11)","decl":{"start":{"line":116,"column":29},"end":{"line":116,"column":null}},"loc":{"start":{"line":117,"column":22},"end":{"line":117,"column":null}}},"12":{"name":"(anonymous_12)","decl":{"start":{"line":130,"column":32},"end":{"line":130,"column":38}},"loc":{"start":{"line":130,"column":38},"end":{"line":130,"column":null}}}},"branchMap":{"0":{"loc":{"start":{"line":22,"column":19},"end":{"line":22,"column":33}},"type":"binary-expr","locations":[{"start":{"line":22,"column":19},"end":{"line":22,"column":27}},{"start":{"line":22,"column":27},"end":{"line":22,"column":33}}]},"1":{"loc":{"start":{"line":22,"column":33},"end":{"line":22,"column":null}},"type":"binary-expr","locations":[{"start":{"line":22,"column":33},"end":{"line":22,"column":41}},{"start":{"line":22,"column":41},"end":{"line":22,"column":null}}]},"2":{"loc":{"start":{"line":69,"column":4},"end":{"line":77,"column":null}},"type":"if","locations":[{"start":{"line":69,"column":4},"end":{"line":77,"column":null}}]},"3":{"loc":{"start":{"line":117,"column":22},"end":{"line":117,"column":null}},"type":"binary-expr","locations":[{"start":{"line":117,"column":22},"end":{"line":117,"column":47}},{"start":{"line":117,"column":47},"end":{"line":117,"column":null}}]},"4":{"loc":{"start":{"line":125,"column":15},"end":{"line":134,"column":null}},"type":"binary-expr","locations":[{"start":{"line":125,"column":15},"end":{"line":125,"column":46}},{"start":{"line":125,"column":46},"end":{"line":125,"column":null}},{"start":{"line":126,"column":16},"end":{"line":134,"column":null}}]}},"s":{"0":56,"1":56,"2":56,"3":56,"4":29,"5":29,"6":29,"7":29,"8":503,"9":29,"10":0,"11":56,"12":27,"13":56,"14":2,"15":2,"16":2,"17":0,"18":56,"19":0,"20":0,"21":0,"22":0,"23":0,"24":56,"25":0,"26":0,"27":0,"28":0,"29":0,"30":0,"31":0,"32":0,"33":56,"34":280,"35":0,"36":0,"37":0},"f":{"0":56,"1":29,"2":503,"3":27,"4":2,"5":0,"6":0,"7":0,"8":0,"9":280,"10":0,"11":0,"12":0},"b":{"0":[503,0],"1":[503,0],"2":[0],"3":[0,0],"4":[280,0,0]}}
}
