{"total": {"lines":{"total":78,"covered":42,"skipped":0,"pct":53.84},"statements":{"total":82,"covered":43,"skipped":0,"pct":52.43},"functions":{"total":30,"covered":16,"skipped":0,"pct":53.33},"branches":{"total":15,"covered":5,"skipped":0,"pct":33.33},"branchesTrue":{"total":0,"covered":0,"skipped":0,"pct":100}}
,"/app/src/App.tsx": {"lines":{"total":1,"covered":1,"skipped":0,"pct":100},"functions":{"total":1,"covered":1,"skipped":0,"pct":100},"statements":{"total":1,"covered":1,"skipped":0,"pct":100},"branches":{"total":0,"covered":0,"skipped":0,"pct":100}}
,"/app/src/main.tsx": {"lines":{"total":1,"covered":1,"skipped":0,"pct":100},"functions":{"total":0,"covered":0,"skipped":0,"pct":100},"statements":{"total":1,"covered":1,"skipped":0,"pct":100},"branches":{"total":0,"covered":0,"skipped":0,"pct":100}}
,"/app/src/components/AddBookForm.tsx": {"lines":{"total":19,"covered":18,"skipped":0,"pct":94.73},"functions":{"total":7,"covered":7,"skipped":0,"pct":100},"statements":{"total":20,"covered":19,"skipped":0,"pct":95},"branches":{"total":2,"covered":2,"skipped":0,"pct":100}}
,"/app/src/components/EditBookForm.tsx": {"lines":{"total":19,"covered":0,"skipped":0,"pct":0},"functions":{"total":7,"covered":0,"skipped":0,"pct":0},"statements":{"total":20,"covered":0,"skipped":0,"pct":0},"branches":{"total":3,"covered":0,"skipped":0,"pct":0}}
,"/app/src/components/Footer.tsx": {"lines":{"total":1,"covered":1,"skipped":0,"pct":100},"functions":{"total":1,"covered":1,"skipped":0,"pct":100},"statements":{"total":1,"covered":1,"skipped":0,"pct":100},"branches":{"total":0,"covered":0,"skipped":0,"pct":100}}
,"/app/src/components/Header.tsx": {"lines":{"total":1,"covered":1,"skipped":0,"pct":100},"functions":{"total":1,"covered":1,"skipped":0,"pct":100},"statements":{"total":1,"covered":1,"skipped":0,"pct":100},"branches":{"total":0,"covered":0,"skipped":0,"pct":100}}
,"/app/src/pages/HomeView.tsx": {"lines":{"total":36,"covered":20,"skipped":0,"pct":55.55},"functions":{"total":13,"covered":6,"skipped":0,"pct":46.15},"statements":{"total":38,"covered":20,"skipped":0,"pct":52.63},"branches":{"total":10,"covered":3,"skipped":0,"pct":30}}
}
