{"total": {"lines":{"total":78,"covered":33,"skipped":0,"pct":42.3},"statements":{"total":82,"covered":33,"skipped":0,"pct":40.24},"functions":{"total":30,"covered":12,"skipped":0,"pct":40},"branches":{"total":15,"covered":3,"skipped":0,"pct":20},"branchesTrue":{"total":0,"covered":0,"skipped":0,"pct":100}}
,"/app/src/App.tsx": {"lines":{"total":1,"covered":1,"skipped":0,"pct":100},"functions":{"total":1,"covered":1,"skipped":0,"pct":100},"statements":{"total":1,"covered":1,"skipped":0,"pct":100},"branches":{"total":0,"covered":0,"skipped":0,"pct":100}}
,"/app/src/main.tsx": {"lines":{"total":1,"covered":1,"skipped":0,"pct":100},"functions":{"total":0,"covered":0,"skipped":0,"pct":100},"statements":{"total":1,"covered":1,"skipped":0,"pct":100},"branches":{"total":0,"covered":0,"skipped":0,"pct":100}}
,"/app/src/components/AddBookForm.tsx": {"lines":{"total":19,"covered":12,"skipped":0,"pct":63.15},"functions":{"total":7,"covered":4,"skipped":0,"pct":57.14},"statements":{"total":20,"covered":12,"skipped":0,"pct":60},"branches":{"total":2,"covered":0,"skipped":0,"pct":0}}
,"/app/src/components/EditBookForm.tsx": {"lines":{"total":19,"covered":0,"skipped":0,"pct":0},"functions":{"total":7,"covered":0,"skipped":0,"pct":0},"statements":{"total":20,"covered":0,"skipped":0,"pct":0},"branches":{"total":3,"covered":0,"skipped":0,"pct":0}}
,"/app/src/components/Footer.tsx": {"lines":{"total":1,"covered":1,"skipped":0,"pct":100},"functions":{"total":1,"covered":1,"skipped":0,"pct":100},"statements":{"total":1,"covered":1,"skipped":0,"pct":100},"branches":{"total":0,"covered":0,"skipped":0,"pct":100}}
,"/app/src/components/Header.tsx": {"lines":{"total":1,"covered":1,"skipped":0,"pct":100},"functions":{"total":1,"covered":1,"skipped":0,"pct":100},"statements":{"total":1,"covered":1,"skipped":0,"pct":100},"branches":{"total":0,"covered":0,"skipped":0,"pct":100}}
,"/app/src/pages/HomeView.tsx": {"lines":{"total":36,"covered":17,"skipped":0,"pct":47.22},"functions":{"total":13,"covered":5,"skipped":0,"pct":38.46},"statements":{"total":38,"covered":17,"skipped":0,"pct":44.73},"branches":{"total":10,"covered":3,"skipped":0,"pct":30}}
}
