TN:
SF:..\..\..\..\..\..\..\app\src\App.tsx
FN:7,App
FNF:1
FNH:1
FNDA:7,App
DA:8,7
LF:1
LH:1
BRF:0
BRH:0
end_of_record
TN:
SF:..\..\..\..\..\..\..\app\src\main.tsx
FNF:0
FNH:0
DA:8,7
LF:1
LH:1
BRF:0
BRH:0
end_of_record
TN:
SF:..\..\..\..\..\..\..\app\src\components\AddBookForm.tsx
FN:15,AddBookForm
FN:24,(anonymous_1)
FN:25,(anonymous_2)
FN:36,(anonymous_3)
FN:42,(anonymous_4)
FN:49,(anonymous_5)
FN:94,(anonymous_6)
FNF:7
FNH:4
FNDA:15,AddBookForm
FNDA:7,(anonymous_1)
FNDA:7,(anonymous_2)
FNDA:0,(anonymous_3)
FNDA:0,(anonymous_4)
FNDA:0,(anonymous_5)
FNDA:80,(anonymous_6)
DA:16,15
DA:17,15
DA:24,15
DA:25,7
DA:26,7
DA:27,7
DA:28,7
DA:30,0
DA:33,7
DA:36,15
DA:41,0
DA:42,0
DA:49,15
DA:50,0
DA:51,0
DA:52,0
DA:55,0
DA:62,15
DA:95,80
LF:19
LH:12
BRDA:44,0,0,0
BRDA:44,0,1,0
BRF:2
BRH:0
end_of_record
TN:
SF:..\..\..\..\..\..\..\app\src\components\EditBookForm.tsx
FN:16,EditBookForm
FN:23,(anonymous_1)
FN:24,(anonymous_2)
FN:35,(anonymous_3)
FN:41,(anonymous_4)
FN:48,(anonymous_5)
FN:83,(anonymous_6)
FNF:7
FNH:0
FNDA:0,EditBookForm
FNDA:0,(anonymous_1)
FNDA:0,(anonymous_2)
FNDA:0,(anonymous_3)
FNDA:0,(anonymous_4)
FNDA:0,(anonymous_5)
FNDA:0,(anonymous_6)
DA:17,0
DA:19,0
DA:20,0
DA:23,0
DA:24,0
DA:25,0
DA:26,0
DA:27,0
DA:29,0
DA:32,0
DA:35,0
DA:40,0
DA:41,0
DA:48,0
DA:49,0
DA:50,0
DA:51,0
DA:55,0
DA:84,0
LF:19
LH:0
BRDA:43,0,0,0
BRDA:43,0,1,0
BRDA:50,1,0,0
BRF:3
BRH:0
end_of_record
TN:
SF:..\..\..\..\..\..\..\app\src\components\Footer.tsx
FN:3,Footer
FNF:1
FNH:1
FNDA:7,Footer
DA:4,7
LF:1
LH:1
BRF:0
BRH:0
end_of_record
TN:
SF:..\..\..\..\..\..\..\app\src\components\Header.tsx
FN:3,Header
FNF:1
FNH:1
FNDA:7,Header
DA:4,7
LF:1
LH:1
BRF:0
BRH:0
end_of_record
TN:
SF:..\..\..\..\..\..\..\app\src\pages\HomeView.tsx
FN:11,HomeView
FN:17,(anonymous_1)
FN:22,(anonymous_2)
FN:32,(anonymous_3)
FN:37,(anonymous_4)
FN:50,(anonymous_5)
FN:65,(anonymous_6)
FN:73,(anonymous_7)
FN:73,(anonymous_8)
FN:99,(anonymous_9)
FN:110,(anonymous_10)
FN:116,(anonymous_11)
FN:130,(anonymous_12)
FNF:13
FNH:5
FNDA:14,HomeView
FNDA:7,(anonymous_1)
FNDA:147,(anonymous_2)
FNDA:7,(anonymous_3)
FNDA:0,(anonymous_4)
FNDA:0,(anonymous_5)
FNDA:0,(anonymous_6)
FNDA:0,(anonymous_7)
FNDA:0,(anonymous_8)
FNDA:70,(anonymous_9)
FNDA:0,(anonymous_10)
FNDA:0,(anonymous_11)
FNDA:0,(anonymous_12)
DA:12,14
DA:13,14
DA:14,14
DA:17,14
DA:18,7
DA:19,7
DA:20,7
DA:21,7
DA:22,147
DA:26,7
DA:28,0
DA:32,14
DA:33,7
DA:37,14
DA:38,0
DA:39,0
DA:44,0
DA:46,0
DA:50,14
DA:51,0
DA:52,0
DA:57,0
DA:58,0
DA:60,0
DA:65,14
DA:66,0
DA:69,0
DA:70,0
DA:71,0
DA:73,0
DA:75,0
DA:79,14
DA:100,70
DA:110,0
DA:117,0
DA:130,0
LF:36
LH:17
BRDA:22,0,0,147
BRDA:22,0,1,0
BRDA:22,1,0,147
BRDA:22,1,1,0
BRDA:69,2,0,0
BRDA:117,3,0,0
BRDA:117,3,1,0
BRDA:125,4,0,70
BRDA:125,4,1,0
BRDA:125,4,2,0
BRF:10
BRH:3
end_of_record
