TN:
SF:../app/src/App.tsx
FN:7,App
FNF:1
FNH:1
FNDA:28,App
DA:8,28
LF:1
LH:1
BRF:0
BRH:0
end_of_record
TN:
SF:../app/src/main.tsx
FNF:0
FNH:0
DA:8,28
LF:1
LH:1
BRF:0
BRH:0
end_of_record
TN:
SF:../app/src/components/AddBookForm.tsx
FN:15,AddBookForm
FN:24,(anonymous_1)
FN:25,(anonymous_2)
FN:36,(anonymous_3)
FN:42,(anonymous_4)
FN:49,(anonymous_5)
FN:94,(anonymous_6)
FNF:7
FNH:4
FNDA:63,AddBookForm
FNDA:28,(anonymous_1)
FNDA:28,(anonymous_2)
FNDA:0,(anonymous_3)
FNDA:0,(anonymous_4)
FNDA:0,(anonymous_5)
FNDA:350,(anonymous_6)
DA:16,63
DA:17,63
DA:24,63
DA:25,28
DA:26,28
DA:27,28
DA:28,28
DA:30,0
DA:33,28
DA:36,63
DA:41,0
DA:42,0
DA:49,63
DA:50,0
DA:51,0
DA:52,0
DA:55,0
DA:62,63
DA:95,350
LF:19
LH:12
BRDA:44,0,0,0
BRDA:44,0,1,0
BRF:2
BRH:0
end_of_record
TN:
SF:../app/src/components/EditBookForm.tsx
FN:16,EditBookForm
FN:23,(anonymous_1)
FN:24,(anonymous_2)
FN:35,(anonymous_3)
FN:41,(anonymous_4)
FN:48,(anonymous_5)
FN:83,(anonymous_6)
FNF:7
FNH:0
FNDA:0,EditBookForm
FNDA:0,(anonymous_1)
FNDA:0,(anonymous_2)
FNDA:0,(anonymous_3)
FNDA:0,(anonymous_4)
FNDA:0,(anonymous_5)
FNDA:0,(anonymous_6)
DA:17,0
DA:19,0
DA:20,0
DA:23,0
DA:24,0
DA:25,0
DA:26,0
DA:27,0
DA:29,0
DA:32,0
DA:35,0
DA:40,0
DA:41,0
DA:48,0
DA:49,0
DA:50,0
DA:51,0
DA:55,0
DA:84,0
LF:19
LH:0
BRDA:43,0,0,0
BRDA:43,0,1,0
BRDA:50,1,0,0
BRF:3
BRH:0
end_of_record
TN:
SF:../app/src/components/Footer.tsx
FN:3,Footer
FNF:1
FNH:1
FNDA:28,Footer
DA:4,28
LF:1
LH:1
BRF:0
BRH:0
end_of_record
TN:
SF:../app/src/components/Header.tsx
FN:3,Header
FNF:1
FNH:1
FNDA:28,Header
DA:4,28
LF:1
LH:1
BRF:0
BRH:0
end_of_record
TN:
SF:../app/src/pages/HomeView.tsx
FN:11,HomeView
FN:17,(anonymous_1)
FN:22,(anonymous_2)
FN:32,(anonymous_3)
FN:37,(anonymous_4)
FN:49,(anonymous_5)
FN:64,(anonymous_6)
FN:72,(anonymous_7)
FN:72,(anonymous_8)
FN:98,(anonymous_9)
FN:109,(anonymous_10)
FN:115,(anonymous_11)
FN:129,(anonymous_12)
FNF:13
FNH:5
FNDA:56,HomeView
FNDA:28,(anonymous_1)
FNDA:630,(anonymous_2)
FNDA:28,(anonymous_3)
FNDA:0,(anonymous_4)
FNDA:0,(anonymous_5)
FNDA:0,(anonymous_6)
FNDA:0,(anonymous_7)
FNDA:0,(anonymous_8)
FNDA:280,(anonymous_9)
FNDA:0,(anonymous_10)
FNDA:0,(anonymous_11)
FNDA:0,(anonymous_12)
DA:12,56
DA:13,56
DA:14,56
DA:17,56
DA:18,28
DA:19,28
DA:20,28
DA:21,28
DA:22,630
DA:26,28
DA:28,0
DA:32,56
DA:33,28
DA:37,56
DA:38,0
DA:39,0
DA:45,0
DA:49,56
DA:50,0
DA:51,0
DA:56,0
DA:57,0
DA:59,0
DA:64,56
DA:65,0
DA:68,0
DA:69,0
DA:70,0
DA:72,0
DA:74,0
DA:78,56
DA:99,280
DA:109,0
DA:116,0
DA:129,0
LF:35
LH:17
BRDA:22,0,0,630
BRDA:22,0,1,0
BRDA:22,1,0,630
BRDA:22,1,1,0
BRDA:68,2,0,0
BRDA:116,3,0,0
BRDA:116,3,1,0
BRDA:124,4,0,280
BRDA:124,4,1,0
BRDA:124,4,2,0
BRF:10
BRH:3
end_of_record
